2026-03-13 21:08:36,809 - INFO - ============================================================
2026-03-13 21:08:36,809 - INFO - Starting NGFI Daily Outreach Routine
2026-03-13 21:08:36,809 - INFO - ============================================================
2026-03-13 21:08:36,809 - INFO - Generated Waalaxy CSV: /home/pc/.openclaw/workspace/WAALAXY_IMPORT.csv
2026-03-13 21:08:36,809 - INFO - ✅ Waalaxy CSV generated: /home/pc/.openclaw/workspace/WAALAXY_IMPORT.csv
2026-03-13 21:08:36,810 - INFO - Generated WhatsApp list: /home/pc/.openclaw/workspace/WHATSAPP_CONTACTS.json (1 contacts)
2026-03-13 21:08:36,810 - INFO - ✅ WhatsApp list generated: /home/pc/.openclaw/workspace/WHATSAPP_CONTACTS.json
2026-03-13 21:08:36,811 - INFO - Saved to /home/pc/.openclaw/workspace/NGFI_LEADS_DATABASE.json
2026-03-13 21:08:36,811 - INFO - Logged contact: 1 via waalaxy
2026-03-13 21:08:36,811 - INFO - Saved to /home/pc/.openclaw/workspace/NGFI_LEADS_DATABASE.json
2026-03-13 21:08:36,811 - INFO - Logged contact: 2 via waalaxy
2026-03-13 21:08:36,812 - INFO - Saved to /home/pc/.openclaw/workspace/NGFI_LEADS_DATABASE.json
2026-03-13 21:08:36,812 - INFO - Logged contact: 3 via waalaxy
2026-03-13 21:08:36,813 - INFO - Saved to /home/pc/.openclaw/workspace/NGFI_LEADS_DATABASE.json
2026-03-13 21:08:36,813 - INFO - Logged contact: 4 via waalaxy
2026-03-13 21:08:36,814 - INFO - Saved to /home/pc/.openclaw/workspace/NGFI_LEADS_DATABASE.json
2026-03-13 21:08:36,814 - INFO - Logged contact: 5 via waalaxy
2026-03-13 21:08:36,814 - INFO - # Daily Outreach Report - 2026-03-13 21:08

## Status Summary
- Total Prospects: 10
- Not Contacted: 5
- Email Sent: 0
- Responded: 0
- Response Rate: 0.0% if total_contacts > 0 else 0%

## Today's Actions
- Waalaxy: 50 connections to send
- WhatsApp: 1 contacts ready
- Expected daily contacts: 80-100

## Next Steps
1. Import WAALAXY_IMPORT.csv to Waalaxy dashboard
2. Schedule campaign start: 2026-03-14 09:00
3. Send WhatsApp messages via Trouvère
4. Monitor responses in real-time
2026-03-13 21:08:36,814 - INFO - ============================================================
2026-03-13 21:08:36,814 - INFO - ✅ Daily Outreach Complete
2026-03-13 21:08:36,814 - INFO - ============================================================
