================================================
🚀 NGFI DAILY EMAIL WAVE
📅 2026-03-21 08:00:02 CET
================================================
✅ Database: OK
✅ Script: OK

📧 Starting email campaign...
2026-03-21 08:00:02,750 - INFO - 📧 SMTP Email Manager initialized
2026-03-21 08:00:02,750 - INFO -    From: idirakriche9@gmail.com
2026-03-21 08:00:02,750 - INFO - ============================================================
2026-03-21 08:00:02,750 - INFO - 📧 NGFI Email Wave - Gmail SMTP
2026-03-21 08:00:02,750 - INFO - 📅 Time: 2026-03-21 08:00:02
2026-03-21 08:00:02,750 - INFO - 👤 From: idirakriche9@gmail.com
2026-03-21 08:00:02,750 - INFO - ============================================================
2026-03-21 08:00:02,751 - INFO - 🚀 Sending 28 emails via SMTP (Gmail)...
2026-03-21 08:00:04,087 - INFO - ✅ Email sent to jerome@malt.fr (Jérôme Dicharry)
2026-03-21 08:00:04,087 - INFO -    [1/28] Waiting 1.5s...
2026-03-21 08:00:08,171 - INFO - ✅ Email sent to florent@malt.fr (Florent Allain)
2026-03-21 08:00:08,172 - INFO -    [2/28] Waiting 1.5s...
2026-03-21 08:00:11,441 - INFO - ✅ Email sent to pierre@malt.fr (Pierre Szuwarski)
2026-03-21 08:00:11,441 - INFO -    [3/28] Waiting 1.5s...
2026-03-21 08:00:13,988 - INFO - ✅ Email sent to leonard@malt.fr (Léonard M.)
2026-03-21 08:00:13,988 - INFO -    [4/28] Waiting 1.5s...
2026-03-21 08:00:16,509 - INFO - ✅ Email sent to aurelie@malt.fr (Aurélie Poupée)
2026-03-21 08:00:16,510 - INFO -    [5/28] Waiting 1.5s...
2026-03-21 08:00:19,732 - INFO - ✅ Email sent to thomas@malt.fr (Thomas Vignau)
2026-03-21 08:00:19,732 - INFO -    [6/28] Waiting 1.5s...
2026-03-21 08:00:22,229 - INFO - ✅ Email sent to stephen@malt.fr (Stéphen Urani)
2026-03-21 08:00:22,230 - INFO -    [7/28] Waiting 1.5s...
2026-03-21 08:00:24,613 - INFO - ✅ Email sent to muriel@malt.fr (Muriel Demirtjis)
2026-03-21 08:00:24,613 - INFO -    [8/28] Waiting 1.5s...
2026-03-21 08:00:27,848 - INFO - ✅ Email sent to romain@malt.fr (Romain Gerbet)
2026-03-21 08:00:27,848 - INFO -    [9/28] Waiting 1.5s...
2026-03-21 08:00:30,279 - INFO - ✅ Email sent to christophe@malt.fr (Christophe Perche)
2026-03-21 08:00:30,279 - INFO -    [10/28] Waiting 1.5s...
2026-03-21 08:00:33,602 - INFO - ✅ Email sent to eric@ericbourges.com (Eric Bourgès)
2026-03-21 08:00:33,602 - INFO -    [11/28] Waiting 1.5s...
2026-03-21 08:00:36,868 - INFO - ✅ Email sent to cyril@cadenceci.fr (Cyril Le Fur)
2026-03-21 08:00:36,868 - INFO -    [12/28] Waiting 1.5s...
2026-03-21 08:00:39,371 - INFO - ✅ Email sent to tristan@marketing-digital.fr (Tristan Rapaud)
2026-03-21 08:00:39,371 - INFO -    [13/28] Waiting 1.5s...
2026-03-21 08:00:41,773 - INFO - ✅ Email sent to nicolas@callegari-marketing.fr (Nicolas Callegari)
2026-03-21 08:00:41,774 - INFO -    [14/28] Waiting 1.5s...
2026-03-21 08:00:45,738 - INFO - ✅ Email sent to contact@arno-ramm.com (Arno Ramm)
2026-03-21 08:00:45,739 - INFO -    [15/28] Waiting 1.5s...
2026-03-21 08:00:48,216 - INFO - ✅ Email sent to guillaume@ducrocq-design.fr (Guillaume Ducrocq)
2026-03-21 08:00:48,216 - INFO -    [16/28] Waiting 1.5s...
2026-03-21 08:00:51,519 - INFO - ✅ Email sent to guillaume@schott-design.fr (Guillaume Schott)
2026-03-21 08:00:51,520 - INFO -    [17/28] Waiting 1.5s...
2026-03-21 08:00:54,927 - INFO - ✅ Email sent to florian@malt.fr (Florian Valois)
2026-03-21 08:00:54,928 - INFO -    [18/28] Waiting 1.5s...
2026-03-21 08:00:57,878 - INFO - ✅ Email sent to florent@malt.fr (Florent Parcevaux)
2026-03-21 08:00:57,878 - INFO -    [19/28] Waiting 1.5s...
2026-03-21 08:01:00,343 - INFO - ✅ Email sent to philippe@bordmann.dev (Philippe Bordmann)
2026-03-21 08:01:00,344 - INFO -    [20/28] Waiting 1.5s...
2026-03-21 08:01:02,887 - INFO - ✅ Email sent to philippe@dujardin-dev.fr (Philippe Dujardin)
2026-03-21 08:01:02,887 - INFO -    [21/28] Waiting 1.5s...
2026-03-21 08:01:05,429 - INFO - ✅ Email sent to jeremy@mouzin-dev.fr (Jérémy Mouzin)
2026-03-21 08:01:05,430 - INFO -    [22/28] Waiting 1.5s...
2026-03-21 08:01:07,973 - INFO - ✅ Email sent to paul@copywriting-seo.fr (Paul K.)
2026-03-21 08:01:07,973 - INFO -    [23/28] Waiting 1.5s...
2026-03-21 08:01:10,407 - INFO - ✅ Email sent to arnaud@masson-copywriting.fr (Arnaud Masson)
2026-03-21 08:01:10,407 - INFO -    [24/28] Waiting 1.5s...
2026-03-21 08:01:13,599 - INFO - ✅ Email sent to vincent@malt.fr (Vincent Gaspard)
2026-03-21 08:01:13,600 - INFO -    [25/28] Waiting 1.5s...
2026-03-21 08:01:16,862 - INFO - ✅ Email sent to marie@malt.fr (Marie Cerisel)
2026-03-21 08:01:16,862 - INFO -    [26/28] Waiting 1.5s...
2026-03-21 08:01:19,318 - INFO - ✅ Email sent to jean-baptiste@malt.fr (Jean-Baptiste Anotin)
2026-03-21 08:01:19,318 - INFO -    [27/28] Waiting 1.5s...
2026-03-21 08:01:21,766 - INFO - ✅ Email sent to sophie@malt.fr (Sophie Potier)
2026-03-21 08:01:21,767 - INFO - ✅ Batch complete: 28/28 sent
2026-03-21 08:01:21,783 - INFO - ✅ Database updated: 28 prospects marked as emailed
2026-03-21 08:01:21,784 - INFO - ✅ Email wave complete: 28 emails sent

============================================================
GMAIL SMTP EMAIL WAVE - RESULTS
============================================================
Status: SUCCESS
Emails Sent: 28
Method: smtp
Timestamp: 2026-03-21T08:01:21.784411
============================================================

✅ Email wave completed successfully
📊 Check /home/pc/.openclaw/workspace/NGFI_LEADS_DATABASE.json for updated status

================================================
End time: 2026-03-21 08:01:21 CET
================================================
================================================
🚀 NGFI DAILY EMAIL WAVE
📅 2026-03-23 08:00:01 CET
================================================
✅ Database: OK
✅ Script: OK

📧 Starting email campaign...
2026-03-23 08:00:01,266 - INFO - 📧 SMTP Email Manager initialized
2026-03-23 08:00:01,266 - INFO -    From: idirakriche9@gmail.com
2026-03-23 08:00:01,266 - INFO - ============================================================
2026-03-23 08:00:01,266 - INFO - 📧 NGFI Email Wave - Gmail SMTP
2026-03-23 08:00:01,266 - INFO - 📅 Time: 2026-03-23 08:00:01
2026-03-23 08:00:01,266 - INFO - 👤 From: idirakriche9@gmail.com
2026-03-23 08:00:01,266 - INFO - ============================================================
2026-03-23 08:00:01,267 - INFO - No prospects to contact
2026-03-23 08:00:01,268 - INFO - ⚠️ No emails sent this wave

============================================================
GMAIL SMTP EMAIL WAVE - RESULTS
============================================================
Status: SUCCESS
Emails Sent: 0
Method: smtp
Timestamp: 2026-03-23T08:00:01.268090
============================================================

✅ Email wave completed successfully
📊 Check /home/pc/.openclaw/workspace/NGFI_LEADS_DATABASE.json for updated status

================================================
End time: 2026-03-23 08:00:01 CET
================================================
