================================================
🚀 NGFI DAILY EMAIL WAVE
📅 2026-03-23 08:00:01 CET
================================================
✅ Database: OK
✅ Script: OK

📧 Starting email campaign...
2026-03-23 08:00:01,266 - INFO - 📧 SMTP Email Manager initialized
2026-03-23 08:00:01,266 - INFO -    From: idirakriche9@gmail.com
2026-03-23 08:00:01,266 - INFO - ============================================================
2026-03-23 08:00:01,266 - INFO - 📧 NGFI Email Wave - Gmail SMTP
2026-03-23 08:00:01,266 - INFO - 📅 Time: 2026-03-23 08:00:01
2026-03-23 08:00:01,266 - INFO - 👤 From: idirakriche9@gmail.com
2026-03-23 08:00:01,266 - INFO - ============================================================
2026-03-23 08:00:01,267 - INFO - No prospects to contact
2026-03-23 08:00:01,268 - INFO - ⚠️ No emails sent this wave

============================================================
GMAIL SMTP EMAIL WAVE - RESULTS
============================================================
Status: SUCCESS
Emails Sent: 0
Method: smtp
Timestamp: 2026-03-23T08:00:01.268090
============================================================

✅ Email wave completed successfully
📊 Check /home/pc/.openclaw/workspace/NGFI_LEADS_DATABASE.json for updated status

================================================
End time: 2026-03-23 08:00:01 CET
================================================
